<?xml version="1.0" encoding="UTF-8"?>
<testsuite xmlns:xsi="http://www.w3.org/2001/XMLSchema-instance" xsi:noNamespaceSchemaLocation="https://maven.apache.org/surefire/maven-surefire-plugin/xsd/surefire-test-report.xsd" name="com.kafang.atgo.backup.AppTest" time="0.066" tests="1" errors="0" skipped="0" failures="0">
  <properties>
    <property name="sun.desktop" value="windows"/>
    <property name="awt.toolkit" value="sun.awt.windows.WToolkit"/>
    <property name="file.encoding.pkg" value="sun.io"/>
    <property name="java.specification.version" value="1.8"/>
    <property name="sun.cpu.isalist" value="amd64"/>
    <property name="sun.jnu.encoding" value="GBK"/>
    <property name="java.class.path" value="C:\Users\User\IdeaProjects\jatgo\jatgo-backup\target\test-classes;C:\Users\User\IdeaProjects\jatgo\jatgo-backup\target\classes;C:\Users\User\IdeaProjects\jatgo\jatgo-bean\target\jatgo-bean-0.1.jar;C:\Users\User\IdeaProjects\jatgo\jatgo-common\target\jatgo-common-0.1.jar;D:\mvn_repo\com\alibaba\fastjson\1.2.47\fastjson-1.2.47.jar;D:\mvn_repo\javax\persistence\javax.persistence-api\2.2\javax.persistence-api-2.2.jar;D:\mvn_repo\commons-lang\commons-lang\2.6\commons-lang-2.6.jar;D:\mvn_repo\mysql\mysql-connector-java\5.1.46\mysql-connector-java-5.1.46.jar;D:\mvn_repo\com\j256\ormlite\ormlite-core\5.1\ormlite-core-5.1.jar;D:\mvn_repo\com\j256\ormlite\ormlite-jdbc\5.1\ormlite-jdbc-5.1.jar;D:\mvn_repo\org\springframework\boot\spring-boot-starter\2.0.4.RELEASE\spring-boot-starter-2.0.4.RELEASE.jar;D:\mvn_repo\org\springframework\boot\spring-boot\2.0.4.RELEASE\spring-boot-2.0.4.RELEASE.jar;D:\mvn_repo\org\springframework\spring-context\5.0.8.RELEASE\spring-context-5.0.8.RELEASE.jar;D:\mvn_repo\org\springframework\spring-aop\5.0.8.RELEASE\spring-aop-5.0.8.RELEASE.jar;D:\mvn_repo\org\springframework\spring-beans\5.0.8.RELEASE\spring-beans-5.0.8.RELEASE.jar;D:\mvn_repo\org\springframework\spring-expression\5.0.8.RELEASE\spring-expression-5.0.8.RELEASE.jar;D:\mvn_repo\org\springframework\boot\spring-boot-autoconfigure\2.0.4.RELEASE\spring-boot-autoconfigure-2.0.4.RELEASE.jar;D:\mvn_repo\org\springframework\boot\spring-boot-starter-logging\2.0.4.RELEASE\spring-boot-starter-logging-2.0.4.RELEASE.jar;D:\mvn_repo\ch\qos\logback\logback-classic\1.2.3\logback-classic-1.2.3.jar;D:\mvn_repo\ch\qos\logback\logback-core\1.2.3\logback-core-1.2.3.jar;D:\mvn_repo\org\slf4j\jul-to-slf4j\1.7.13\jul-to-slf4j-1.7.13.jar;D:\mvn_repo\javax\annotation\javax.annotation-api\1.3.2\javax.annotation-api-1.3.2.jar;D:\mvn_repo\org\springframework\spring-core\5.0.8.RELEASE\spring-core-5.0.8.RELEASE.jar;D:\mvn_repo\org\springframework\spring-jcl\5.0.8.RELEASE\spring-jcl-5.0.8.RELEASE.jar;D:\mvn_repo\org\yaml\snakeyaml\1.19\snakeyaml-1.19.jar;C:\Program Files\Java\jdk1.8.0_181\lib\tools.jar;D:\mvn_repo\org\apache\commons\commons-collections4\4.2\commons-collections4-4.2.jar;D:\mvn_repo\org\apache\logging\log4j\log4j-to-slf4j\2.10.0\log4j-to-slf4j-2.10.0.jar;D:\mvn_repo\org\apache\logging\log4j\log4j-api\2.10.0\log4j-api-2.10.0.jar;D:\mvn_repo\org\slf4j\slf4j-api\1.7.13\slf4j-api-1.7.13.jar;D:\mvn_repo\org\slf4j\jcl-over-slf4j\1.7.13\jcl-over-slf4j-1.7.13.jar;D:\mvn_repo\org\projectlombok\lombok\1.18.2\lombok-1.18.2.jar;D:\mvn_repo\io\ffreedom\common\1.0\common-1.0.jar;D:\mvn_repo\com\lmax\disruptor\3.4.2\disruptor-3.4.2.jar;D:\mvn_repo\commons-io\commons-io\2.6\commons-io-2.6.jar;D:\mvn_repo\org\eclipse\collections\eclipse-collections-api\9.2.0\eclipse-collections-api-9.2.0.jar;D:\mvn_repo\org\eclipse\collections\eclipse-collections\9.2.0\eclipse-collections-9.2.0.jar;D:\mvn_repo\com\google\guava\guava\24.1-jre\guava-24.1-jre.jar;D:\mvn_repo\com\google\code\findbugs\jsr305\1.3.9\jsr305-1.3.9.jar;D:\mvn_repo\org\checkerframework\checker-compat-qual\2.0.0\checker-compat-qual-2.0.0.jar;D:\mvn_repo\com\google\errorprone\error_prone_annotations\2.1.3\error_prone_annotations-2.1.3.jar;D:\mvn_repo\com\google\j2objc\j2objc-annotations\1.1\j2objc-annotations-1.1.jar;D:\mvn_repo\org\codehaus\mojo\animal-sniffer-annotations\1.14\animal-sniffer-annotations-1.14.jar;D:\mvn_repo\org\springframework\boot\spring-boot-starter-test\2.0.4.RELEASE\spring-boot-starter-test-2.0.4.RELEASE.jar;D:\mvn_repo\org\springframework\boot\spring-boot-test\2.0.4.RELEASE\spring-boot-test-2.0.4.RELEASE.jar;D:\mvn_repo\org\springframework\boot\spring-boot-test-autoconfigure\2.0.4.RELEASE\spring-boot-test-autoconfigure-2.0.4.RELEASE.jar;D:\mvn_repo\com\jayway\jsonpath\json-path\2.4.0\json-path-2.4.0.jar;D:\mvn_repo\net\minidev\json-smart\2.3\json-smart-2.3.jar;D:\mvn_repo\net\minidev\accessors-smart\1.2\accessors-smart-1.2.jar;D:\mvn_repo\org\ow2\asm\asm\5.0.4\asm-5.0.4.jar;D:\mvn_repo\junit\junit\4.12\junit-4.12.jar;D:\mvn_repo\org\assertj\assertj-core\3.9.1\assertj-core-3.9.1.jar;D:\mvn_repo\org\mockito\mockito-core\2.15.0\mockito-core-2.15.0.jar;D:\mvn_repo\net\bytebuddy\byte-buddy\1.7.11\byte-buddy-1.7.11.jar;D:\mvn_repo\net\bytebuddy\byte-buddy-agent\1.7.11\byte-buddy-agent-1.7.11.jar;D:\mvn_repo\org\objenesis\objenesis\2.6\objenesis-2.6.jar;D:\mvn_repo\org\hamcrest\hamcrest-core\1.3\hamcrest-core-1.3.jar;D:\mvn_repo\org\hamcrest\hamcrest-library\1.3\hamcrest-library-1.3.jar;D:\mvn_repo\org\skyscreamer\jsonassert\1.5.0\jsonassert-1.5.0.jar;D:\mvn_repo\com\vaadin\external\google\android-json\0.0.20131108.vaadin1\android-json-0.0.20131108.vaadin1.jar;D:\mvn_repo\org\springframework\spring-test\5.0.8.RELEASE\spring-test-5.0.8.RELEASE.jar;D:\mvn_repo\org\xmlunit\xmlunit-core\2.5.1\xmlunit-core-2.5.1.jar;D:\mvn_repo\io\ffreedom\transport\1.0\transport-1.0.jar;D:\mvn_repo\io\netty\netty-all\4.1.27.Final\netty-all-4.1.27.Final.jar;D:\mvn_repo\org\zeromq\jeromq\0.4.3\jeromq-0.4.3.jar;D:\mvn_repo\org\zeromq\jnacl\0.1.0\jnacl-0.1.0.jar;D:\mvn_repo\com\rabbitmq\amqp-client\5.1.2\amqp-client-5.1.2.jar;D:\mvn_repo\org\apache\httpcomponents\httpclient\4.5.6\httpclient-4.5.6.jar;D:\mvn_repo\org\apache\httpcomponents\httpcore\4.4.10\httpcore-4.4.10.jar;D:\mvn_repo\commons-codec\commons-codec\1.11\commons-codec-1.11.jar;D:\mvn_repo\org\hibernate\hibernate-validator\5.4.1.Final\hibernate-validator-5.4.1.Final.jar;D:\mvn_repo\javax\validation\validation-api\2.0.1.Final\validation-api-2.0.1.Final.jar;D:\mvn_repo\org\jboss\logging\jboss-logging\3.3.2.Final\jboss-logging-3.3.2.Final.jar;D:\mvn_repo\com\fasterxml\classmate\1.3.4\classmate-1.3.4.jar;"/>
    <property name="java.vm.vendor" value="Oracle Corporation"/>
    <property name="sun.arch.data.model" value="64"/>
    <property name="user.variant" value=""/>
    <property name="java.vendor.url" value="http://java.oracle.com/"/>
    <property name="user.timezone" value=""/>
    <property name="java.vm.specification.version" value="1.8"/>
    <property name="os.name" value="Windows 7"/>
    <property name="user.country" value="CN"/>
    <property name="sun.java.launcher" value="SUN_STANDARD"/>
    <property name="sun.boot.library.path" value="C:\Program Files\Java\jdk1.8.0_181\jre\bin"/>
    <property name="sun.java.command" value="C:\Users\User\AppData\Local\Temp\surefire3453328419591616999\surefirebooter4618586083055668552.jar C:\Users\User\AppData\Local\Temp\surefire3453328419591616999 2018-10-13T10-22-17_563-jvmRun1 surefire775525539014375267tmp surefire_19209809808703602298tmp"/>
    <property name="surefire.test.class.path" value="C:\Users\User\IdeaProjects\jatgo\jatgo-backup\target\test-classes;C:\Users\User\IdeaProjects\jatgo\jatgo-backup\target\classes;C:\Users\User\IdeaProjects\jatgo\jatgo-bean\target\jatgo-bean-0.1.jar;C:\Users\User\IdeaProjects\jatgo\jatgo-common\target\jatgo-common-0.1.jar;D:\mvn_repo\com\alibaba\fastjson\1.2.47\fastjson-1.2.47.jar;D:\mvn_repo\javax\persistence\javax.persistence-api\2.2\javax.persistence-api-2.2.jar;D:\mvn_repo\commons-lang\commons-lang\2.6\commons-lang-2.6.jar;D:\mvn_repo\mysql\mysql-connector-java\5.1.46\mysql-connector-java-5.1.46.jar;D:\mvn_repo\com\j256\ormlite\ormlite-core\5.1\ormlite-core-5.1.jar;D:\mvn_repo\com\j256\ormlite\ormlite-jdbc\5.1\ormlite-jdbc-5.1.jar;D:\mvn_repo\org\springframework\boot\spring-boot-starter\2.0.4.RELEASE\spring-boot-starter-2.0.4.RELEASE.jar;D:\mvn_repo\org\springframework\boot\spring-boot\2.0.4.RELEASE\spring-boot-2.0.4.RELEASE.jar;D:\mvn_repo\org\springframework\spring-context\5.0.8.RELEASE\spring-context-5.0.8.RELEASE.jar;D:\mvn_repo\org\springframework\spring-aop\5.0.8.RELEASE\spring-aop-5.0.8.RELEASE.jar;D:\mvn_repo\org\springframework\spring-beans\5.0.8.RELEASE\spring-beans-5.0.8.RELEASE.jar;D:\mvn_repo\org\springframework\spring-expression\5.0.8.RELEASE\spring-expression-5.0.8.RELEASE.jar;D:\mvn_repo\org\springframework\boot\spring-boot-autoconfigure\2.0.4.RELEASE\spring-boot-autoconfigure-2.0.4.RELEASE.jar;D:\mvn_repo\org\springframework\boot\spring-boot-starter-logging\2.0.4.RELEASE\spring-boot-starter-logging-2.0.4.RELEASE.jar;D:\mvn_repo\ch\qos\logback\logback-classic\1.2.3\logback-classic-1.2.3.jar;D:\mvn_repo\ch\qos\logback\logback-core\1.2.3\logback-core-1.2.3.jar;D:\mvn_repo\org\slf4j\jul-to-slf4j\1.7.13\jul-to-slf4j-1.7.13.jar;D:\mvn_repo\javax\annotation\javax.annotation-api\1.3.2\javax.annotation-api-1.3.2.jar;D:\mvn_repo\org\springframework\spring-core\5.0.8.RELEASE\spring-core-5.0.8.RELEASE.jar;D:\mvn_repo\org\springframework\spring-jcl\5.0.8.RELEASE\spring-jcl-5.0.8.RELEASE.jar;D:\mvn_repo\org\yaml\snakeyaml\1.19\snakeyaml-1.19.jar;C:\Program Files\Java\jdk1.8.0_181\lib\tools.jar;D:\mvn_repo\org\apache\commons\commons-collections4\4.2\commons-collections4-4.2.jar;D:\mvn_repo\org\apache\logging\log4j\log4j-to-slf4j\2.10.0\log4j-to-slf4j-2.10.0.jar;D:\mvn_repo\org\apache\logging\log4j\log4j-api\2.10.0\log4j-api-2.10.0.jar;D:\mvn_repo\org\slf4j\slf4j-api\1.7.13\slf4j-api-1.7.13.jar;D:\mvn_repo\org\slf4j\jcl-over-slf4j\1.7.13\jcl-over-slf4j-1.7.13.jar;D:\mvn_repo\org\projectlombok\lombok\1.18.2\lombok-1.18.2.jar;D:\mvn_repo\io\ffreedom\common\1.0\common-1.0.jar;D:\mvn_repo\com\lmax\disruptor\3.4.2\disruptor-3.4.2.jar;D:\mvn_repo\commons-io\commons-io\2.6\commons-io-2.6.jar;D:\mvn_repo\org\eclipse\collections\eclipse-collections-api\9.2.0\eclipse-collections-api-9.2.0.jar;D:\mvn_repo\org\eclipse\collections\eclipse-collections\9.2.0\eclipse-collections-9.2.0.jar;D:\mvn_repo\com\google\guava\guava\24.1-jre\guava-24.1-jre.jar;D:\mvn_repo\com\google\code\findbugs\jsr305\1.3.9\jsr305-1.3.9.jar;D:\mvn_repo\org\checkerframework\checker-compat-qual\2.0.0\checker-compat-qual-2.0.0.jar;D:\mvn_repo\com\google\errorprone\error_prone_annotations\2.1.3\error_prone_annotations-2.1.3.jar;D:\mvn_repo\com\google\j2objc\j2objc-annotations\1.1\j2objc-annotations-1.1.jar;D:\mvn_repo\org\codehaus\mojo\animal-sniffer-annotations\1.14\animal-sniffer-annotations-1.14.jar;D:\mvn_repo\org\springframework\boot\spring-boot-starter-test\2.0.4.RELEASE\spring-boot-starter-test-2.0.4.RELEASE.jar;D:\mvn_repo\org\springframework\boot\spring-boot-test\2.0.4.RELEASE\spring-boot-test-2.0.4.RELEASE.jar;D:\mvn_repo\org\springframework\boot\spring-boot-test-autoconfigure\2.0.4.RELEASE\spring-boot-test-autoconfigure-2.0.4.RELEASE.jar;D:\mvn_repo\com\jayway\jsonpath\json-path\2.4.0\json-path-2.4.0.jar;D:\mvn_repo\net\minidev\json-smart\2.3\json-smart-2.3.jar;D:\mvn_repo\net\minidev\accessors-smart\1.2\accessors-smart-1.2.jar;D:\mvn_repo\org\ow2\asm\asm\5.0.4\asm-5.0.4.jar;D:\mvn_repo\junit\junit\4.12\junit-4.12.jar;D:\mvn_repo\org\assertj\assertj-core\3.9.1\assertj-core-3.9.1.jar;D:\mvn_repo\org\mockito\mockito-core\2.15.0\mockito-core-2.15.0.jar;D:\mvn_repo\net\bytebuddy\byte-buddy\1.7.11\byte-buddy-1.7.11.jar;D:\mvn_repo\net\bytebuddy\byte-buddy-agent\1.7.11\byte-buddy-agent-1.7.11.jar;D:\mvn_repo\org\objenesis\objenesis\2.6\objenesis-2.6.jar;D:\mvn_repo\org\hamcrest\hamcrest-core\1.3\hamcrest-core-1.3.jar;D:\mvn_repo\org\hamcrest\hamcrest-library\1.3\hamcrest-library-1.3.jar;D:\mvn_repo\org\skyscreamer\jsonassert\1.5.0\jsonassert-1.5.0.jar;D:\mvn_repo\com\vaadin\external\google\android-json\0.0.20131108.vaadin1\android-json-0.0.20131108.vaadin1.jar;D:\mvn_repo\org\springframework\spring-test\5.0.8.RELEASE\spring-test-5.0.8.RELEASE.jar;D:\mvn_repo\org\xmlunit\xmlunit-core\2.5.1\xmlunit-core-2.5.1.jar;D:\mvn_repo\io\ffreedom\transport\1.0\transport-1.0.jar;D:\mvn_repo\io\netty\netty-all\4.1.27.Final\netty-all-4.1.27.Final.jar;D:\mvn_repo\org\zeromq\jeromq\0.4.3\jeromq-0.4.3.jar;D:\mvn_repo\org\zeromq\jnacl\0.1.0\jnacl-0.1.0.jar;D:\mvn_repo\com\rabbitmq\amqp-client\5.1.2\amqp-client-5.1.2.jar;D:\mvn_repo\org\apache\httpcomponents\httpclient\4.5.6\httpclient-4.5.6.jar;D:\mvn_repo\org\apache\httpcomponents\httpcore\4.4.10\httpcore-4.4.10.jar;D:\mvn_repo\commons-codec\commons-codec\1.11\commons-codec-1.11.jar;D:\mvn_repo\org\hibernate\hibernate-validator\5.4.1.Final\hibernate-validator-5.4.1.Final.jar;D:\mvn_repo\javax\validation\validation-api\2.0.1.Final\validation-api-2.0.1.Final.jar;D:\mvn_repo\org\jboss\logging\jboss-logging\3.3.2.Final\jboss-logging-3.3.2.Final.jar;D:\mvn_repo\com\fasterxml\classmate\1.3.4\classmate-1.3.4.jar;"/>
    <property name="sun.cpu.endian" value="little"/>
    <property name="user.home" value="C:\Users\User"/>
    <property name="user.language" value="zh"/>
    <property name="java.specification.vendor" value="Oracle Corporation"/>
    <property name="java.home" value="C:\Program Files\Java\jdk1.8.0_181\jre"/>
    <property name="basedir" value="C:\Users\User\IdeaProjects\jatgo\jatgo-backup"/>
    <property name="file.separator" value="\"/>
    <property name="line.separator" value="&#10;"/>
    <property name="java.vm.specification.vendor" value="Oracle Corporation"/>
    <property name="java.specification.name" value="Java Platform API Specification"/>
    <property name="java.awt.graphicsenv" value="sun.awt.Win32GraphicsEnvironment"/>
    <property name="surefire.real.class.path" value="C:\Users\User\AppData\Local\Temp\surefire3453328419591616999\surefirebooter4618586083055668552.jar"/>
    <property name="sun.boot.class.path" value="C:\Program Files\Java\jdk1.8.0_181\jre\lib\resources.jar;C:\Program Files\Java\jdk1.8.0_181\jre\lib\rt.jar;C:\Program Files\Java\jdk1.8.0_181\jre\lib\sunrsasign.jar;C:\Program Files\Java\jdk1.8.0_181\jre\lib\jsse.jar;C:\Program Files\Java\jdk1.8.0_181\jre\lib\jce.jar;C:\Program Files\Java\jdk1.8.0_181\jre\lib\charsets.jar;C:\Program Files\Java\jdk1.8.0_181\jre\lib\jfr.jar;C:\Program Files\Java\jdk1.8.0_181\jre\classes"/>
    <property name="user.script" value=""/>
    <property name="sun.management.compiler" value="HotSpot 64-Bit Tiered Compilers"/>
    <property name="java.runtime.version" value="1.8.0_181-b13"/>
    <property name="user.name" value="User"/>
    <property name="path.separator" value=";"/>
    <property name="os.version" value="6.1"/>
    <property name="java.endorsed.dirs" value="C:\Program Files\Java\jdk1.8.0_181\jre\lib\endorsed"/>
    <property name="java.runtime.name" value="Java(TM) SE Runtime Environment"/>
    <property name="file.encoding" value="GBK"/>
    <property name="java.vm.name" value="Java HotSpot(TM) 64-Bit Server VM"/>
    <property name="localRepository" value="D:\mvn_repo"/>
    <property name="java.vendor.url.bug" value="http://bugreport.sun.com/bugreport/"/>
    <property name="java.io.tmpdir" value="C:\Users\User\AppData\Local\Temp\"/>
    <property name="java.version" value="1.8.0_181"/>
    <property name="user.dir" value="C:\Users\User\IdeaProjects\jatgo\jatgo-backup"/>
    <property name="os.arch" value="amd64"/>
    <property name="java.vm.specification.name" value="Java Virtual Machine Specification"/>
    <property name="java.awt.printerjob" value="sun.awt.windows.WPrinterJob"/>
    <property name="sun.os.patch.level" value="Service Pack 1"/>
    <property name="java.library.path" value="C:\Program Files\Java\jdk1.8.0_181\jre\bin;C:\Windows\Sun\Java\bin;C:\Windows\system32;C:\Windows;C:\Program Files (x86)\Common Files\Oracle\Java\javapath;C:\Windows\system32;C:\Windows;C:\Windows\System32\Wbem;C:\Windows\System32\WindowsPowerShell\v1.0\;C:\Program Files\PuTTY\;%JAVA_HOME%\bin;%JAVA_HOME%\jre\bin;D:\file\apache-maven-3.5.4\bin;D:\file\nodeJs\;C:\Program Files\TortoiseSVN\bin;C:\Users\User\AppData\Roaming\npm;."/>
    <property name="java.vm.info" value="mixed mode"/>
    <property name="java.vendor" value="Oracle Corporation"/>
    <property name="java.vm.version" value="25.181-b13"/>
    <property name="java.ext.dirs" value="C:\Program Files\Java\jdk1.8.0_181\jre\lib\ext;C:\Windows\Sun\Java\lib\ext"/>
    <property name="sun.io.unicode.encoding" value="UnicodeLittle"/>
    <property name="java.class.version" value="52.0"/>
  </properties>
  <testcase name="testApp" classname="com.kafang.atgo.backup.AppTest" time="0"/>
</testsuite>